<?xml version="1.0" encoding="utf-8"?><testsuites name="pytest tests"><testsuite name="pytest" errors="0" failures="2" skipped="0" tests="48" time="38.706" timestamp="2025-11-03T14:50:43.295725+09:00" hostname="DESKTOP-F9PEMES"><testcase classname="tests.test_api_env" name="test_api_env_vars" time="0.001" /><testcase classname="tests.test_backtester" name="test_run_backtesting" time="2.460" /><testcase classname="tests.test_discord_notify" name="test_send_discord_message_success" time="0.001" /><testcase classname="tests.test_discord_notify" name="test_send_discord_message_fail" time="0.005" /><testcase classname="tests.test_discord_notify" name="test_send_discord_message_no_env" time="0.001" /><testcase classname="tests.test_feature_engineering" name="test_create_target" time="0.013"><failure message="KeyError: 'code'">self = Index(['date', 'Close', 'ma5', 'volume_ma5', 'future_return', 'target'], dtype='object')
key = 'code'

    def get_loc(self, key):
        """
        Get integer location, slice or boolean mask for requested label.

        Parameters
        ----------
        key : label

        Returns
        -------
        int if unique index, slice if monotonic index, else mask

        Examples
        --------
        &gt;&gt;&gt; unique_index = pd.Index(list('abc'))
        &gt;&gt;&gt; unique_index.get_loc('b')
        1

        &gt;&gt;&gt; monotonic_index = pd.Index(list('abbc'))
        &gt;&gt;&gt; monotonic_index.get_loc('b')
        slice(1, 3, None)

        &gt;&gt;&gt; non_monotonic_index = pd.Index(list('abcb'))
        &gt;&gt;&gt; non_monotonic_index.get_loc('b')
        array([False,  True, False,  True])
        """
        casted_key = self._maybe_cast_indexer(key)
        try:
&gt;           return self._engine.get_loc(casted_key)
                   ^^^^^^^^^^^^^^^^^^^^^^^^^^^^^^^^

venv\Lib\site-packages\pandas\core\indexes\base.py:3812:
_ _ _ _ _ _ _ _ _ _ _ _ _ _ _ _ _ _ _ _ _ _ _ _ _ _ _ _ _ _ _ _ _ _ _ _ _ _ _ _
pandas/_libs/index.pyx:167: in pandas._libs.index.IndexEngine.get_loc
    ???
pandas/_libs/index.pyx:196: in pandas._libs.index.IndexEngine.get_loc
    ???
pandas/_libs/hashtable_class_helper.pxi:7088: in pandas._libs.hashtable.PyObjectHashTable.get_item
    ???
_ _ _ _ _ _ _ _ _ _ _ _ _ _ _ _ _ _ _ _ _ _ _ _ _ _ _ _ _ _ _ _ _ _ _ _ _ _ _ _

&gt;   ???
E   KeyError: 'code'

pandas/_libs/hashtable_class_helper.pxi:7096: KeyError

The above exception was the direct cause of the following exception:

sample_data =          date code  Close       ma5  volume_ma5
0  2023-01-01    A    100  0.454931    0.763458
1  2023-01-02    A    ...7  0.709184    0.653807
18 2023-01-19    B    208  0.044566    0.478763
19 2023-01-20    B    209  0.105723    0.333516

    def test_create_target(sample_data):
        """Test the create_target function."""
        df_with_target = create_target(sample_data, period=3)

        assert 'target' in df_with_target.columns
        assert 'future_return' in df_with_target.columns

        # Check if the last 'period' rows are dropped for each group
        assert len(df_with_target) == len(sample_data) - (2 * 3) # 2 groups * 3 days

        # Check target value logic
        # For stock A, price always increases, so target should be 1
&gt;       assert df_with_target[df_with_target['code'] == 'A']['target'].unique() == [1]
                              ^^^^^^^^^^^^^^^^^^^^^^

tests\test_feature_engineering.py:31:
_ _ _ _ _ _ _ _ _ _ _ _ _ _ _ _ _ _ _ _ _ _ _ _ _ _ _ _ _ _ _ _ _ _ _ _ _ _ _ _
venv\Lib\site-packages\pandas\core\frame.py:4113: in __getitem__
    indexer = self.columns.get_loc(key)
              ^^^^^^^^^^^^^^^^^^^^^^^^^
_ _ _ _ _ _ _ _ _ _ _ _ _ _ _ _ _ _ _ _ _ _ _ _ _ _ _ _ _ _ _ _ _ _ _ _ _ _ _ _

self = Index(['date', 'Close', 'ma5', 'volume_ma5', 'future_return', 'target'], dtype='object')
key = 'code'

    def get_loc(self, key):
        """
        Get integer location, slice or boolean mask for requested label.

        Parameters
        ----------
        key : label

        Returns
        -------
        int if unique index, slice if monotonic index, else mask

        Examples
        --------
        &gt;&gt;&gt; unique_index = pd.Index(list('abc'))
        &gt;&gt;&gt; unique_index.get_loc('b')
        1

        &gt;&gt;&gt; monotonic_index = pd.Index(list('abbc'))
        &gt;&gt;&gt; monotonic_index.get_loc('b')
        slice(1, 3, None)

        &gt;&gt;&gt; non_monotonic_index = pd.Index(list('abcb'))
        &gt;&gt;&gt; non_monotonic_index.get_loc('b')
        array([False,  True, False,  True])
        """
        casted_key = self._maybe_cast_indexer(key)
        try:
            return self._engine.get_loc(casted_key)
        except KeyError as err:
            if isinstance(casted_key, slice) or (
                isinstance(casted_key, abc.Iterable)
                and any(isinstance(x, slice) for x in casted_key)
            ):
                raise InvalidIndexError(key)
&gt;           raise KeyError(key) from err
E           KeyError: 'code'

venv\Lib\site-packages\pandas\core\indexes\base.py:3819: KeyError</failure></testcase><testcase classname="tests.test_feature_engineering" name="test_split_data" time="0.012" /><testcase classname="tests.test_fetch_fundamentals" name="test_get_market_fundamentals_success" time="0.004" /><testcase classname="tests.test_fetch_fundamentals" name="test_get_market_fundamentals_pykrx_not_installed" time="0.001" /><testcase classname="tests.test_fetch_fundamentals" name="test_get_market_fundamentals_api_exception" time="0.001" /><testcase classname="tests.test_fetch_fundamentals" name="test_get_market_fundamentals_empty_data" time="0.002" /><testcase classname="tests.test_fetch_macro" name="test_get_macro_data_success" time="0.003" /><testcase classname="tests.test_fetch_macro" name="test_get_macro_data_partial_failure" time="0.002" /><testcase classname="tests.test_fetch_macro" name="test_get_macro_data_total_failure" time="0.002" /><testcase classname="tests.test_fetch_macro" name="test_get_macro_data_fdr_not_installed" time="0.001" /><testcase classname="tests.test_fetch_macro" name="test_get_macro_data_ffill" time="0.004" /><testcase classname="tests.test_fetch_prices" name="test_fetch_ohlcv_success" time="0.001" /><testcase classname="tests.test_fetch_prices" name="test_fetch_ohlcv_fdr_not_installed" time="0.001" /><testcase classname="tests.test_fetch_prices" name="test_fetch_ohlcv_api_exception" time="0.001" /><testcase classname="tests.test_fetch_prices" name="test_fetch_ohlcv_empty_dataframe" time="0.001" /><testcase classname="tests.test_fetch_prices" name="test_fetch_ohlcv_missing_columns" time="0.002" /><testcase classname="tests.test_fetch_prices_mock" name="test_fetch_ohlcv_with_mock" time="0.001" /><testcase classname="tests.test_fetch_prices_mock" name="test_fetch_ohlcv_no_fdr" time="0.001" /><testcase classname="tests.test_korea_investment_monitor" name="test_monitor_orders" time="0.000" /><testcase classname="tests.test_korea_investment_monitor" name="test_send_order" time="0.000" /><testcase classname="tests.test_korea_investment_monitor" name="test_get_balance" time="0.000" /><testcase classname="tests.test_korea_investment_order" name="test_env_variables_exist" time="0.001" /><testcase classname="tests.test_korea_investment_order" name="test_get_access_token" time="0.001" /><testcase classname="tests.test_korea_investment_order" name="test_send_order" time="0.001" /><testcase classname="tests.test_korea_investment_order" name="test_get_balance" time="0.001" /><testcase classname="tests.test_log_merge" name="test_merge_temp_mei_logs_creates_and_appends" time="0.039" /><testcase classname="tests.test_main.TestMain" name="test_action_all_force_train" time="0.002" /><testcase classname="tests.test_main.TestMain" name="test_action_predict_model_exists" time="0.003" /><testcase classname="tests.test_main.TestMain" name="test_action_predict_no_model" time="13.338" /><testcase classname="tests.test_main.TestMain" name="test_action_train_model_exists_no_force" time="0.002" /><testcase classname="tests.test_preprocess" name="test_add_moving_average_and_rsi" time="0.003" /><testcase classname="tests.test_preprocess_extended" name="test_add_rsi_edge_cases" time="0.006" /><testcase classname="tests.test_preprocessing" name="test_load_all_data" time="0.204" /><testcase classname="tests.test_preprocessing" name="test_handle_missing_values" time="0.002" /><testcase classname="tests.test_preprocessing" name="test_create_features" time="0.008" /><testcase classname="tests.test_preprocessing" name="test_preprocess_data_pipeline" time="0.082"><failure message="KeyError: 'code'">mock_data_path = 'C:\\Users\\cho\\AppData\\Local\\Temp\\pytest-of-cho\\pytest-41\\test_preprocess_data_pipeline0'

    def test_preprocess_data_pipeline(mock_data_path):
        """Test the entire preprocessing pipeline."""
        target_stocks = ['001']
        start_date = "2022-01-01"
        end_date = "2023-01-10"

&gt;       final_df = preprocess_data(mock_data_path, target_stocks, start_date, end_date)
                   ^^^^^^^^^^^^^^^^^^^^^^^^^^^^^^^^^^^^^^^^^^^^^^^^^^^^^^^^^^^^^^^^^^^^

tests\test_preprocessing.py:99:
_ _ _ _ _ _ _ _ _ _ _ _ _ _ _ _ _ _ _ _ _ _ _ _ _ _ _ _ _ _ _ _ _ _ _ _ _ _ _ _
src\preprocessing\data_preprocessor.py:348: in preprocess_data
    cleaned_df = handle_missing_values(featured_df)
                 ^^^^^^^^^^^^^^^^^^^^^^^^^^^^^^^^^^
src\preprocessing\data_preprocessor.py:221: in handle_missing_values
    grouped = df.groupby('code', group_keys=False)
              ^^^^^^^^^^^^^^^^^^^^^^^^^^^^^^^^^^^^
venv\Lib\site-packages\pandas\core\frame.py:9210: in groupby
    return DataFrameGroupBy(
venv\Lib\site-packages\pandas\core\groupby\groupby.py:1331: in __init__
    grouper, exclusions, obj = get_grouper(
_ _ _ _ _ _ _ _ _ _ _ _ _ _ _ _ _ _ _ _ _ _ _ _ _ _ _ _ _ _ _ _ _ _ _ _ _ _ _ _

obj =           date        Open  ...  bollinger_upper  bollinger_lower
119 2022-04-30  105.149766  ...       114.776659    ... 116.551689        98.422341
374 2023-01-10  104.989701  ...       116.789956        98.910683

[256 rows x 20 columns]
key = 'code', axis = 0, level = None, sort = True, observed = False
validate = True, dropna = True

    def get_grouper(
        obj: NDFrameT,
        key=None,
        axis: Axis = 0,
        level=None,
        sort: bool = True,
        observed: bool = False,
        validate: bool = True,
        dropna: bool = True,
    ) -&gt; tuple[ops.BaseGrouper, frozenset[Hashable], NDFrameT]:
        """
        Create and return a BaseGrouper, which is an internal
        mapping of how to create the grouper indexers.
        This may be composed of multiple Grouping objects, indicating
        multiple groupers

        Groupers are ultimately index mappings. They can originate as:
        index mappings, keys to columns, functions, or Groupers

        Groupers enable local references to axis,level,sort, while
        the passed in axis, level, and sort are 'global'.

        This routine tries to figure out what the passing in references
        are and then creates a Grouping for each one, combined into
        a BaseGrouper.

        If observed &amp; we have a categorical grouper, only show the observed
        values.

        If validate, then check for key/level overlaps.

        """
        group_axis = obj._get_axis(axis)

        # validate that the passed single level is compatible with the passed
        # axis of the object
        if level is not None:
            # TODO: These if-block and else-block are almost same.
            # MultiIndex instance check is removable, but it seems that there are
            # some processes only for non-MultiIndex in else-block,
            # eg. `obj.index.name != level`. We have to consider carefully whether
            # these are applicable for MultiIndex. Even if these are applicable,
            # we need to check if it makes no side effect to subsequent processes
            # on the outside of this condition.
            # (GH 17621)
            if isinstance(group_axis, MultiIndex):
                if is_list_like(level) and len(level) == 1:
                    level = level[0]

                if key is None and is_scalar(level):
                    # Get the level values from group_axis
                    key = group_axis.get_level_values(level)
                    level = None

            else:
                # allow level to be a length-one list-like object
                # (e.g., level=[0])
                # GH 13901
                if is_list_like(level):
                    nlevels = len(level)
                    if nlevels == 1:
                        level = level[0]
                    elif nlevels == 0:
                        raise ValueError("No group keys passed!")
                    else:
                        raise ValueError("multiple levels only valid with MultiIndex")

                if isinstance(level, str):
                    if obj._get_axis(axis).name != level:
                        raise ValueError(
                            f"level name {level} is not the name "
                            f"of the {obj._get_axis_name(axis)}"
                        )
                elif level &gt; 0 or level &lt; -1:
                    raise ValueError("level &gt; 0 or level &lt; -1 only valid with MultiIndex")

                # NOTE: `group_axis` and `group_axis.get_level_values(level)`
                # are same in this section.
                level = None
                key = group_axis

        # a passed-in Grouper, directly convert
        if isinstance(key, Grouper):
            grouper, obj = key._get_grouper(obj, validate=False)
            if key.key is None:
                return grouper, frozenset(), obj
            else:
                return grouper, frozenset({key.key}), obj

        # already have a BaseGrouper, just return it
        elif isinstance(key, ops.BaseGrouper):
            return key, frozenset(), obj

        if not isinstance(key, list):
            keys = [key]
            match_axis_length = False
        else:
            keys = key
            match_axis_length = len(keys) == len(group_axis)

        # what are we after, exactly?
        any_callable = any(callable(g) or isinstance(g, dict) for g in keys)
        any_groupers = any(isinstance(g, (Grouper, Grouping)) for g in keys)
        any_arraylike = any(
            isinstance(g, (list, tuple, Series, Index, np.ndarray)) for g in keys
        )

        # is this an index replacement?
        if (
            not any_callable
            and not any_arraylike
            and not any_groupers
            and match_axis_length
            and level is None
        ):
            if isinstance(obj, DataFrame):
                all_in_columns_index = all(
                    g in obj.columns or g in obj.index.names for g in keys
                )
            else:
                assert isinstance(obj, Series)
                all_in_columns_index = all(g in obj.index.names for g in keys)

            if not all_in_columns_index:
                keys = [com.asarray_tuplesafe(keys)]

        if isinstance(level, (tuple, list)):
            if key is None:
                keys = [None] * len(level)
            levels = level
        else:
            levels = [level] * len(keys)

        groupings: list[Grouping] = []
        exclusions: set[Hashable] = set()

        # if the actual grouper should be obj[key]
        def is_in_axis(key) -&gt; bool:
            if not _is_label_like(key):
                if obj.ndim == 1:
                    return False

                # items -&gt; .columns for DataFrame, .index for Series
                items = obj.axes[-1]
                try:
                    items.get_loc(key)
                except (KeyError, TypeError, InvalidIndexError):
                    # TypeError shows up here if we pass e.g. an Index
                    return False

            return True

        # if the grouper is obj[name]
        def is_in_obj(gpr) -&gt; bool:
            if not hasattr(gpr, "name"):
                return False
            if using_copy_on_write() or warn_copy_on_write():
                # For the CoW case, we check the references to determine if the
                # series is part of the object
                try:
                    obj_gpr_column = obj[gpr.name]
                except (KeyError, IndexError, InvalidIndexError, OutOfBoundsDatetime):
                    return False
                if isinstance(gpr, Series) and isinstance(obj_gpr_column, Series):
                    return gpr._mgr.references_same_values(  # type: ignore[union-attr]
                        obj_gpr_column._mgr, 0  # type: ignore[arg-type]
                    )
                return False
            try:
                return gpr is obj[gpr.name]
            except (KeyError, IndexError, InvalidIndexError, OutOfBoundsDatetime):
                # IndexError reached in e.g. test_skip_group_keys when we pass
                #  lambda here
                # InvalidIndexError raised on key-types inappropriate for index,
                #  e.g. DatetimeIndex.get_loc(tuple())
                # OutOfBoundsDatetime raised when obj is a Series with DatetimeIndex
                # and gpr.name is month str
                return False

        for gpr, level in zip(keys, levels):
            if isinstance(obj, DataFrame) and is_in_obj(gpr):  # df.groupby(df['name'])
                in_axis = True
                exclusions.add(gpr.name)

            elif is_in_axis(gpr):  # df.groupby('name')
                if obj.ndim != 1 and gpr in obj:
                    if validate:
                        obj._check_label_or_level_ambiguity(gpr, axis=axis)
                    in_axis, name, gpr = True, gpr, obj[gpr]
                    if gpr.ndim != 1:
                        # non-unique columns; raise here to get the name in the
                        # exception message
                        raise ValueError(f"Grouper for '{name}' not 1-dimensional")
                    exclusions.add(name)
                elif obj._is_level_reference(gpr, axis=axis):
                    in_axis, level, gpr = False, gpr, None
                else:
&gt;                   raise KeyError(gpr)
E                   KeyError: 'code'

venv\Lib\site-packages\pandas\core\groupby\grouper.py:1043: KeyError</failure></testcase><testcase classname="tests.test_reporting" name="test_generate_predictions_and_create_report" time="14.660" /><testcase classname="tests.test_strategy_signals" name="test_gap_trading_signal" time="0.004" /><testcase classname="tests.test_strategy_signals" name="test_breakout_signal" time="0.004" /><testcase classname="tests.test_strategy_signals" name="test_generate_signals" time="0.007" /><testcase classname="tests.test_telegram_notify" name="test_send_telegram_message_success" time="0.001" /><testcase classname="tests.test_telegram_notify" name="test_send_telegram_message_fail" time="0.001" /><testcase classname="tests.test_telegram_notify" name="test_send_telegram_message_no_env" time="0.001" /></testsuite></testsuites>
