<?xml version="1.0" encoding="utf-8"?><testsuites name="pytest tests"><testsuite name="pytest" errors="0" failures="1" skipped="0" tests="48" time="30.924" timestamp="2025-11-03T14:42:24.756255+09:00" hostname="DESKTOP-F9PEMES"><testcase classname="tests.test_api_env" name="test_api_env_vars" time="0.001" /><testcase classname="tests.test_backtester" name="test_run_backtesting" time="0.582" /><testcase classname="tests.test_discord_notify" name="test_send_discord_message_success" time="0.001" /><testcase classname="tests.test_discord_notify" name="test_send_discord_message_fail" time="0.002" /><testcase classname="tests.test_discord_notify" name="test_send_discord_message_no_env" time="0.001" /><testcase classname="tests.test_feature_engineering" name="test_create_target" time="0.011" /><testcase classname="tests.test_feature_engineering" name="test_split_data" time="0.015" /><testcase classname="tests.test_fetch_fundamentals" name="test_get_market_fundamentals_success" time="0.006" /><testcase classname="tests.test_fetch_fundamentals" name="test_get_market_fundamentals_pykrx_not_installed" time="0.001" /><testcase classname="tests.test_fetch_fundamentals" name="test_get_market_fundamentals_api_exception" time="0.002" /><testcase classname="tests.test_fetch_fundamentals" name="test_get_market_fundamentals_empty_data" time="0.004" /><testcase classname="tests.test_fetch_macro" name="test_get_macro_data_success" time="0.004" /><testcase classname="tests.test_fetch_macro" name="test_get_macro_data_partial_failure" time="0.003" /><testcase classname="tests.test_fetch_macro" name="test_get_macro_data_total_failure" time="0.002" /><testcase classname="tests.test_fetch_macro" name="test_get_macro_data_fdr_not_installed" time="0.001" /><testcase classname="tests.test_fetch_macro" name="test_get_macro_data_ffill" time="0.004" /><testcase classname="tests.test_fetch_prices" name="test_fetch_ohlcv_success" time="0.002" /><testcase classname="tests.test_fetch_prices" name="test_fetch_ohlcv_fdr_not_installed" time="0.001" /><testcase classname="tests.test_fetch_prices" name="test_fetch_ohlcv_api_exception" time="0.001" /><testcase classname="tests.test_fetch_prices" name="test_fetch_ohlcv_empty_dataframe" time="0.002" /><testcase classname="tests.test_fetch_prices" name="test_fetch_ohlcv_missing_columns" time="0.002" /><testcase classname="tests.test_fetch_prices_mock" name="test_fetch_ohlcv_with_mock" time="0.002" /><testcase classname="tests.test_fetch_prices_mock" name="test_fetch_ohlcv_no_fdr" time="0.002" /><testcase classname="tests.test_korea_investment_monitor" name="test_monitor_orders" time="0.001" /><testcase classname="tests.test_korea_investment_monitor" name="test_send_order" time="0.001" /><testcase classname="tests.test_korea_investment_monitor" name="test_get_balance" time="0.001" /><testcase classname="tests.test_korea_investment_order" name="test_env_variables_exist" time="0.001" /><testcase classname="tests.test_korea_investment_order" name="test_get_access_token" time="0.002" /><testcase classname="tests.test_korea_investment_order" name="test_send_order" time="0.001" /><testcase classname="tests.test_korea_investment_order" name="test_get_balance" time="0.001" /><testcase classname="tests.test_log_merge" name="test_merge_temp_mei_logs_creates_and_appends" time="0.042" /><testcase classname="tests.test_main.TestMain" name="test_action_all_force_train" time="0.003" /><testcase classname="tests.test_main.TestMain" name="test_action_predict_model_exists" time="0.008" /><testcase classname="tests.test_main.TestMain" name="test_action_predict_no_model" time="12.722" /><testcase classname="tests.test_main.TestMain" name="test_action_train_model_exists_no_force" time="0.003" /><testcase classname="tests.test_preprocess" name="test_add_moving_average_and_rsi" time="0.006" /><testcase classname="tests.test_preprocess_extended" name="test_add_rsi_edge_cases" time="0.011" /><testcase classname="tests.test_preprocessing" name="test_load_all_data" time="0.152" /><testcase classname="tests.test_preprocessing" name="test_handle_missing_values" time="0.002" /><testcase classname="tests.test_preprocessing" name="test_create_features" time="0.008" /><testcase classname="tests.test_preprocessing" name="test_preprocess_data_pipeline" time="0.229"><failure message="AssertionError: assert 224 == (375 - 119)&#10; +  where 224 = len(          date        Open  ...  bollinger_upper  bollinger_lower\n0   2022-06-01  109.508366  ...       117.583028    ... 113.491237        98.954555\n223 2023-01-10  105.372024  ...       113.068609        99.115702\n\n[224 rows x 21 columns])&#10; +  and   375 = len(DatetimeIndex(['2022-01-01', '2022-01-02', '2022-01-03', '2022-01-04',\n               '2022-01-05', '2022-01-06', '202..., '2023-01-08',\n               '2023-01-09', '2023-01-10'],\n              dtype='datetime64[ns]', length=375, freq='D'))&#10; +    where DatetimeIndex(['2022-01-01', '2022-01-02', '2022-01-03', '2022-01-04',\n               '2022-01-05', '2022-01-06', '202..., '2023-01-08',\n               '2023-01-09', '2023-01-10'],\n              dtype='datetime64[ns]', length=375, freq='D') = &lt;function date_range at 0x0000029DB8794A40&gt;('2022-01-01', '2023-01-10')&#10; +      where &lt;function date_range at 0x0000029DB8794A40&gt; = pd.date_range">mock_data_path = 'C:\\Users\\cho\\AppData\\Local\\Temp\\pytest-of-cho\\pytest-39\\test_preprocess_data_pipeline0'

    def test_preprocess_data_pipeline(mock_data_path):
        """Test the entire preprocessing pipeline."""
        target_stocks = ['001']
        start_date = "2022-01-01"
        end_date = "2023-01-10"
    
        final_df = preprocess_data(mock_data_path, target_stocks, start_date, end_date)
    
        assert final_df is not None
        assert not final_df.empty
        assert final_df.isnull().sum().sum() == 0
        assert 'ma120' in final_df.columns
        # 120일 이동평균 계산에 필요한 최소 데이터(120) -&gt; 119개 행 NaN 발생
        # dropna()로 인해 119개의 행이 제거됨
&gt;       assert len(final_df) == len(pd.date_range(start_date, end_date)) - 119
E       AssertionError: assert 224 == (375 - 119)
E        +  where 224 = len(          date        Open  ...  bollinger_upper  bollinger_lower\n0   2022-06-01  109.508366  ...       117.583028    ... 113.491237        98.954555\n223 2023-01-10  105.372024  ...       113.068609        99.115702\n\n[224 rows x 21 columns])
E        +  and   375 = len(DatetimeIndex(['2022-01-01', '2022-01-02', '2022-01-03', '2022-01-04',\n               '2022-01-05', '2022-01-06', '202..., '2023-01-08',\n               '2023-01-09', '2023-01-10'],\n              dtype='datetime64[ns]', length=375, freq='D'))
E        +    where DatetimeIndex(['2022-01-01', '2022-01-02', '2022-01-03', '2022-01-04',\n               '2022-01-05', '2022-01-06', '202..., '2023-01-08',\n               '2023-01-09', '2023-01-10'],\n              dtype='datetime64[ns]', length=375, freq='D') = &lt;function date_range at 0x0000029DB8794A40&gt;('2022-01-01', '2023-01-10')
E        +      where &lt;function date_range at 0x0000029DB8794A40&gt; = pd.date_range

tests\test_preprocessing.py:107: AssertionError</failure></testcase><testcase classname="tests.test_reporting" name="test_generate_predictions_and_create_report" time="13.193" /><testcase classname="tests.test_strategy_signals" name="test_gap_trading_signal" time="0.003" /><testcase classname="tests.test_strategy_signals" name="test_breakout_signal" time="0.003" /><testcase classname="tests.test_strategy_signals" name="test_generate_signals" time="0.008" /><testcase classname="tests.test_telegram_notify" name="test_send_telegram_message_success" time="0.001" /><testcase classname="tests.test_telegram_notify" name="test_send_telegram_message_fail" time="0.003" /><testcase classname="tests.test_telegram_notify" name="test_send_telegram_message_no_env" time="0.001" /></testsuite></testsuites>