<?xml version="1.0" encoding="utf-8"?><testsuites name="pytest tests"><testsuite name="pytest" errors="0" failures="0" skipped="0" tests="50" time="9.382" timestamp="2025-11-03T15:38:51.576733+09:00" hostname="DESKTOP-F9PEMES"><testcase classname="tests.test_api_env" name="test_api_env_vars" time="0.002" /><testcase classname="tests.test_backtester" name="test_run_backtesting" time="0.538" /><testcase classname="tests.test_discord_notify" name="test_send_discord_message_success" time="0.002" /><testcase classname="tests.test_discord_notify" name="test_send_discord_message_fail" time="0.005" /><testcase classname="tests.test_discord_notify" name="test_send_discord_message_no_env" time="0.001" /><testcase classname="tests.test_feature_engineering" name="test_create_target" time="0.011" /><testcase classname="tests.test_feature_engineering" name="test_split_data" time="0.020" /><testcase classname="tests.test_fetch_fundamentals" name="test_get_market_fundamentals_success" time="0.005" /><testcase classname="tests.test_fetch_fundamentals" name="test_get_market_fundamentals_pykrx_not_installed" time="0.001" /><testcase classname="tests.test_fetch_fundamentals" name="test_get_market_fundamentals_api_exception" time="0.001" /><testcase classname="tests.test_fetch_fundamentals" name="test_get_market_fundamentals_empty_data" time="0.002" /><testcase classname="tests.test_fetch_macro" name="test_get_macro_data_success" time="0.005" /><testcase classname="tests.test_fetch_macro" name="test_get_macro_data_partial_failure" time="0.002" /><testcase classname="tests.test_fetch_macro" name="test_get_macro_data_total_failure" time="0.002" /><testcase classname="tests.test_fetch_macro" name="test_get_macro_data_fdr_not_installed" time="0.001" /><testcase classname="tests.test_fetch_macro" name="test_get_macro_data_ffill" time="0.004" /><testcase classname="tests.test_fetch_prices" name="test_fetch_ohlcv_success" time="0.004" /><testcase classname="tests.test_fetch_prices" name="test_fetch_ohlcv_fdr_not_installed" time="0.002" /><testcase classname="tests.test_fetch_prices" name="test_fetch_ohlcv_api_exception" time="0.003" /><testcase classname="tests.test_fetch_prices" name="test_fetch_ohlcv_empty_dataframe" time="0.002" /><testcase classname="tests.test_fetch_prices" name="test_fetch_ohlcv_missing_columns" time="0.002" /><testcase classname="tests.test_fetch_prices_mock" name="test_fetch_ohlcv_with_mock" time="0.003" /><testcase classname="tests.test_fetch_prices_mock" name="test_fetch_ohlcv_no_fdr" time="0.001" /><testcase classname="tests.test_korea_investment_monitor" name="test_monitor_orders" time="0.001" /><testcase classname="tests.test_korea_investment_monitor" name="test_send_order" time="0.001" /><testcase classname="tests.test_korea_investment_monitor" name="test_get_balance" time="0.001" /><testcase classname="tests.test_korea_investment_order" name="test_env_variables_exist" time="0.001" /><testcase classname="tests.test_korea_investment_order" name="test_get_access_token" time="0.001" /><testcase classname="tests.test_korea_investment_order" name="test_send_order" time="0.001" /><testcase classname="tests.test_korea_investment_order" name="test_get_balance" time="0.002" /><testcase classname="tests.test_log_merge" name="test_merge_temp_mei_logs_creates_and_appends" time="0.050" /><testcase classname="tests.test_main.TestMain" name="test_action_all_force_train" time="0.005" /><testcase classname="tests.test_main.TestMain" name="test_action_predict_model_exists" time="0.005" /><testcase classname="tests.test_main.TestMain" name="test_action_predict_no_model" time="1.069" /><testcase classname="tests.test_main.TestMain" name="test_action_train_model_exists_no_force" time="0.002" /><testcase classname="tests.test_order_reconciliation" name="test_wait_for_fill_dryrun" time="0.001" /><testcase classname="tests.test_preprocess" name="test_add_moving_average_and_rsi" time="0.004" /><testcase classname="tests.test_preprocess_extended" name="test_add_rsi_edge_cases" time="0.008" /><testcase classname="tests.test_preprocessing" name="test_load_all_data" time="0.353" /><testcase classname="tests.test_preprocessing" name="test_handle_missing_values" time="0.003" /><testcase classname="tests.test_preprocessing" name="test_create_features" time="0.008" /><testcase classname="tests.test_preprocessing" name="test_preprocess_data_pipeline" time="0.094" /><testcase classname="tests.test_reporting" name="test_generate_predictions_and_create_report" time="0.808" /><testcase classname="tests.test_smoke_dryrun" name="test_execute_signals_dry_run" time="0.519" /><testcase classname="tests.test_strategy_signals" name="test_gap_trading_signal" time="0.006" /><testcase classname="tests.test_strategy_signals" name="test_breakout_signal" time="0.003" /><testcase classname="tests.test_strategy_signals" name="test_generate_signals" time="0.008" /><testcase classname="tests.test_telegram_notify" name="test_send_telegram_message_success" time="0.001" /><testcase classname="tests.test_telegram_notify" name="test_send_telegram_message_fail" time="0.001" /><testcase classname="tests.test_telegram_notify" name="test_send_telegram_message_no_env" time="0.001" /></testsuite></testsuites>
