<?xml version="1.0" encoding="utf-8"?><testsuites name="pytest tests"><testsuite name="pytest" errors="0" failures="1" skipped="0" tests="48" time="21.764" timestamp="2025-11-03T14:35:35.356603+09:00" hostname="DESKTOP-F9PEMES"><testcase classname="tests.test_api_env" name="test_api_env_vars" time="0.001" /><testcase classname="tests.test_backtester" name="test_run_backtesting" time="0.840" /><testcase classname="tests.test_discord_notify" name="test_send_discord_message_success" time="0.002" /><testcase classname="tests.test_discord_notify" name="test_send_discord_message_fail" time="0.060" /><testcase classname="tests.test_discord_notify" name="test_send_discord_message_no_env" time="0.001" /><testcase classname="tests.test_feature_engineering" name="test_create_target" time="0.010" /><testcase classname="tests.test_feature_engineering" name="test_split_data" time="0.013" /><testcase classname="tests.test_fetch_fundamentals" name="test_get_market_fundamentals_success" time="0.005" /><testcase classname="tests.test_fetch_fundamentals" name="test_get_market_fundamentals_pykrx_not_installed" time="0.001" /><testcase classname="tests.test_fetch_fundamentals" name="test_get_market_fundamentals_api_exception" time="0.001" /><testcase classname="tests.test_fetch_fundamentals" name="test_get_market_fundamentals_empty_data" time="0.003" /><testcase classname="tests.test_fetch_macro" name="test_get_macro_data_success" time="0.003" /><testcase classname="tests.test_fetch_macro" name="test_get_macro_data_partial_failure" time="0.003" /><testcase classname="tests.test_fetch_macro" name="test_get_macro_data_total_failure" time="0.035" /><testcase classname="tests.test_fetch_macro" name="test_get_macro_data_fdr_not_installed" time="0.002" /><testcase classname="tests.test_fetch_macro" name="test_get_macro_data_ffill" time="0.007" /><testcase classname="tests.test_fetch_prices" name="test_fetch_ohlcv_success" time="0.022" /><testcase classname="tests.test_fetch_prices" name="test_fetch_ohlcv_fdr_not_installed" time="0.002" /><testcase classname="tests.test_fetch_prices" name="test_fetch_ohlcv_api_exception" time="0.002" /><testcase classname="tests.test_fetch_prices" name="test_fetch_ohlcv_empty_dataframe" time="0.002" /><testcase classname="tests.test_fetch_prices" name="test_fetch_ohlcv_missing_columns" time="0.001" /><testcase classname="tests.test_fetch_prices_mock" name="test_fetch_ohlcv_with_mock" time="0.002" /><testcase classname="tests.test_fetch_prices_mock" name="test_fetch_ohlcv_no_fdr" time="0.001" /><testcase classname="tests.test_korea_investment_monitor" name="test_monitor_orders" time="0.001" /><testcase classname="tests.test_korea_investment_monitor" name="test_send_order" time="0.001" /><testcase classname="tests.test_korea_investment_monitor" name="test_get_balance" time="0.003" /><testcase classname="tests.test_korea_investment_order" name="test_env_variables_exist" time="0.002" /><testcase classname="tests.test_korea_investment_order" name="test_get_access_token" time="0.002" /><testcase classname="tests.test_korea_investment_order" name="test_send_order" time="0.002" /><testcase classname="tests.test_korea_investment_order" name="test_get_balance" time="0.003" /><testcase classname="tests.test_log_merge" name="test_merge_temp_mei_logs_creates_and_appends" time="0.028" /><testcase classname="tests.test_main.TestMain" name="test_action_all_force_train" time="0.003" /><testcase classname="tests.test_main.TestMain" name="test_action_predict_model_exists" time="0.002" /><testcase classname="tests.test_main.TestMain" name="test_action_predict_no_model" time="0.118"><failure message="KeyError: 'date'">self = Index(['Open', 'High', 'Low', 'Close', 'Volume', 'Change', 'BPS', 'PER', 'PBR',
       'EPS', 'DIV', 'DPS'],
      dtype='object')
key = 'date'

    def get_loc(self, key):
        """
        Get integer location, slice or boolean mask for requested label.
    
        Parameters
        ----------
        key : label
    
        Returns
        -------
        int if unique index, slice if monotonic index, else mask
    
        Examples
        --------
        &gt;&gt;&gt; unique_index = pd.Index(list('abc'))
        &gt;&gt;&gt; unique_index.get_loc('b')
        1
    
        &gt;&gt;&gt; monotonic_index = pd.Index(list('abbc'))
        &gt;&gt;&gt; monotonic_index.get_loc('b')
        slice(1, 3, None)
    
        &gt;&gt;&gt; non_monotonic_index = pd.Index(list('abcb'))
        &gt;&gt;&gt; non_monotonic_index.get_loc('b')
        array([False,  True, False,  True])
        """
        casted_key = self._maybe_cast_indexer(key)
        try:
&gt;           return self._engine.get_loc(casted_key)
                   ^^^^^^^^^^^^^^^^^^^^^^^^^^^^^^^^

venv\Lib\site-packages\pandas\core\indexes\base.py:3812: 
_ _ _ _ _ _ _ _ _ _ _ _ _ _ _ _ _ _ _ _ _ _ _ _ _ _ _ _ _ _ _ _ _ _ _ _ _ _ _ _
pandas/_libs/index.pyx:167: in pandas._libs.index.IndexEngine.get_loc
    ???
pandas/_libs/index.pyx:196: in pandas._libs.index.IndexEngine.get_loc
    ???
pandas/_libs/hashtable_class_helper.pxi:7088: in pandas._libs.hashtable.PyObjectHashTable.get_item
    ???
_ _ _ _ _ _ _ _ _ _ _ _ _ _ _ _ _ _ _ _ _ _ _ _ _ _ _ _ _ _ _ _ _ _ _ _ _ _ _ _

&gt;   ???
E   KeyError: 'date'

pandas/_libs/hashtable_class_helper.pxi:7096: KeyError

The above exception was the direct cause of the following exception:

self = &lt;tests.test_main.TestMain testMethod=test_action_predict_no_model&gt;
mock_exists = &lt;MagicMock name='exists' id='2248281886256'&gt;
mock_print = &lt;MagicMock name='print' id='2248281918016'&gt;
mock_sys_exit = &lt;MagicMock name='exit' id='2248281921856'&gt;

    @patch('sys.exit')
    @patch('builtins.print')
    @patch('os.path.exists')
    def test_action_predict_no_model(self, mock_exists, mock_print, mock_sys_exit):
        """'--action predict' 실행 시, 모델이 없으면 sys.exit(1)을 호출하는지 테스트"""
        print("- Running test: test_action_predict_no_model")
        mock_exists.return_value = False # 모델이 존재하지 않는 것으로 가정
        sys.argv = ['main.py', '--action', 'predict']
    
&gt;       main()

tests\test_main.py:87: 
_ _ _ _ _ _ _ _ _ _ _ _ _ _ _ _ _ _ _ _ _ _ _ _ _ _ _ _ _ _ _ _ _ _ _ _ _ _ _ _
main.py:121: in run_pipeline
    generate_predictions(
src\reporting\generate_predictions.py:42: in generate_predictions
    df = preprocess_data(
src\preprocessing\data_preprocessor.py:297: in preprocess_data
    df['date'] = pd.to_datetime(df['date'])
                                ^^^^^^^^^^
venv\Lib\site-packages\pandas\core\frame.py:4113: in __getitem__
    indexer = self.columns.get_loc(key)
              ^^^^^^^^^^^^^^^^^^^^^^^^^
_ _ _ _ _ _ _ _ _ _ _ _ _ _ _ _ _ _ _ _ _ _ _ _ _ _ _ _ _ _ _ _ _ _ _ _ _ _ _ _

self = Index(['Open', 'High', 'Low', 'Close', 'Volume', 'Change', 'BPS', 'PER', 'PBR',
       'EPS', 'DIV', 'DPS'],
      dtype='object')
key = 'date'

    def get_loc(self, key):
        """
        Get integer location, slice or boolean mask for requested label.
    
        Parameters
        ----------
        key : label
    
        Returns
        -------
        int if unique index, slice if monotonic index, else mask
    
        Examples
        --------
        &gt;&gt;&gt; unique_index = pd.Index(list('abc'))
        &gt;&gt;&gt; unique_index.get_loc('b')
        1
    
        &gt;&gt;&gt; monotonic_index = pd.Index(list('abbc'))
        &gt;&gt;&gt; monotonic_index.get_loc('b')
        slice(1, 3, None)
    
        &gt;&gt;&gt; non_monotonic_index = pd.Index(list('abcb'))
        &gt;&gt;&gt; non_monotonic_index.get_loc('b')
        array([False,  True, False,  True])
        """
        casted_key = self._maybe_cast_indexer(key)
        try:
            return self._engine.get_loc(casted_key)
        except KeyError as err:
            if isinstance(casted_key, slice) or (
                isinstance(casted_key, abc.Iterable)
                and any(isinstance(x, slice) for x in casted_key)
            ):
                raise InvalidIndexError(key)
&gt;           raise KeyError(key) from err
E           KeyError: 'date'

venv\Lib\site-packages\pandas\core\indexes\base.py:3819: KeyError</failure></testcase><testcase classname="tests.test_main.TestMain" name="test_action_train_model_exists_no_force" time="0.002" /><testcase classname="tests.test_preprocess" name="test_add_moving_average_and_rsi" time="0.004" /><testcase classname="tests.test_preprocess_extended" name="test_add_rsi_edge_cases" time="0.006" /><testcase classname="tests.test_preprocessing" name="test_load_all_data" time="0.239" /><testcase classname="tests.test_preprocessing" name="test_handle_missing_values" time="0.004" /><testcase classname="tests.test_preprocessing" name="test_create_features" time="0.011" /><testcase classname="tests.test_preprocessing" name="test_preprocess_data_pipeline" time="0.102" /><testcase classname="tests.test_reporting" name="test_generate_predictions_and_create_report" time="13.891" /><testcase classname="tests.test_strategy_signals" name="test_gap_trading_signal" time="0.003" /><testcase classname="tests.test_strategy_signals" name="test_breakout_signal" time="0.003" /><testcase classname="tests.test_strategy_signals" name="test_generate_signals" time="0.004" /><testcase classname="tests.test_telegram_notify" name="test_send_telegram_message_success" time="0.001" /><testcase classname="tests.test_telegram_notify" name="test_send_telegram_message_fail" time="0.001" /><testcase classname="tests.test_telegram_notify" name="test_send_telegram_message_no_env" time="0.001" /></testsuite></testsuites>