============================= test session starts =============================
platform win32 -- Python 3.10.0, pytest-8.4.2, pluggy-1.6.0 -- C:\Program Files\Python310\python.exe
cachedir: .pytest_cache
PyQt6 6.10.0 -- Qt runtime 6.10.0 -- Qt compiled 6.10.0
rootdir: d:\codding\daily-trading-bot\daily-trading-bot
configfile: pytest.ini
plugins: anyio-4.11.0, qt-4.5.0
collecting ... collected 49 items

tests/test_api_env.py::test_api_env_vars PASSED                          [  2%]
tests/test_backtester.py::test_run_backtesting PASSED                    [  4%]
tests/test_discord_notify.py::test_send_discord_message_success ERROR    [  6%]
tests/test_discord_notify.py::test_send_discord_message_fail ERROR       [  8%]
tests/test_discord_notify.py::test_send_discord_message_no_env PASSED    [ 10%]
tests/test_feature_engineering.py::test_create_target PASSED             [ 12%]
tests/test_feature_engineering.py::test_split_data PASSED                [ 14%]
tests/test_fetch_fundamentals.py::test_get_market_fundamentals_success PASSED [ 16%]
tests/test_fetch_fundamentals.py::test_get_market_fundamentals_pykrx_not_installed PASSED [ 18%]
tests/test_fetch_fundamentals.py::test_get_market_fundamentals_api_exception PASSED [ 20%]
tests/test_fetch_fundamentals.py::test_get_market_fundamentals_empty_data PASSED [ 22%]
tests/test_fetch_macro.py::test_get_macro_data_success PASSED            [ 24%]
tests/test_fetch_macro.py::test_get_macro_data_partial_failure PASSED    [ 26%]
tests/test_fetch_macro.py::test_get_macro_data_total_failure PASSED      [ 28%]
tests/test_fetch_macro.py::test_get_macro_data_fdr_not_installed PASSED  [ 30%]
tests/test_fetch_macro.py::test_get_macro_data_ffill PASSED              [ 32%]
tests/test_fetch_prices.py::test_fetch_ohlcv_success PASSED              [ 34%]
tests/test_fetch_prices.py::test_fetch_ohlcv_fdr_not_installed PASSED    [ 36%]
tests/test_fetch_prices.py::test_fetch_ohlcv_api_exception PASSED        [ 38%]
tests/test_fetch_prices.py::test_fetch_ohlcv_empty_dataframe PASSED      [ 40%]
tests/test_fetch_prices.py::test_fetch_ohlcv_missing_columns PASSED      [ 42%]
tests/test_fetch_prices_mock.py::test_fetch_ohlcv_with_mock PASSED       [ 44%]
tests/test_fetch_prices_mock.py::test_fetch_ohlcv_no_fdr PASSED          [ 46%]
tests/test_gui_automation_pytestqt.py::test_gui_pipeline_runs_and_creates_report PASSED [ 48%]
tests/test_korea_investment_monitor.py::test_monitor_orders PASSED       [ 51%]
tests/test_korea_investment_monitor.py::test_send_order PASSED           [ 53%]
tests/test_korea_investment_monitor.py::test_get_balance PASSED          [ 55%]
tests/test_korea_investment_order.py::test_env_variables_exist PASSED    [ 57%]
tests/test_korea_investment_order.py::test_get_access_token ERROR        [ 59%]
tests/test_korea_investment_order.py::test_send_order ERROR              [ 61%]
tests/test_korea_investment_order.py::test_get_balance ERROR             [ 63%]
tests/test_log_merge.py::test_merge_temp_mei_logs_creates_and_appends PASSED [ 65%]
tests/test_main.py::TestMain::test_action_all_force_train PASSED         [ 67%]
tests/test_main.py::TestMain::test_action_predict_model_exists PASSED    [ 69%]
tests/test_main.py::TestMain::test_action_predict_no_model PASSED        [ 71%]
tests/test_main.py::TestMain::test_action_train_model_exists_no_force PASSED [ 73%]
tests/test_preprocess.py::test_add_moving_average_and_rsi PASSED         [ 75%]
tests/test_preprocess_extended.py::test_add_rsi_edge_cases PASSED        [ 77%]
tests/test_preprocessing.py::test_load_all_data PASSED                   [ 79%]
tests/test_preprocessing.py::test_handle_missing_values PASSED           [ 81%]
tests/test_preprocessing.py::test_create_features PASSED                 [ 83%]
tests/test_preprocessing.py::test_preprocess_data_pipeline PASSED        [ 85%]
tests/test_reporting.py::test_generate_predictions_and_create_report FAILED [ 87%]
tests/test_strategy_signals.py::test_gap_trading_signal PASSED           [ 89%]
tests/test_strategy_signals.py::test_breakout_signal PASSED              [ 91%]
tests/test_strategy_signals.py::test_generate_signals PASSED             [ 93%]
tests/test_telegram_notify.py::test_send_telegram_message_success ERROR  [ 95%]
tests/test_telegram_notify.py::test_send_telegram_message_fail ERROR     [ 97%]
tests/test_telegram_notify.py::test_send_telegram_message_no_env PASSED  [100%]

=================================== ERRORS ====================================
_____________ ERROR at setup of test_send_discord_message_success _____________
file D:\codding\daily-trading-bot\daily-trading-bot\tests\test_discord_notify.py, line 6
  def test_send_discord_message_success(monkeypatch, requests_mock):
E       fixture 'requests_mock' not found
>       available fixtures: anyio_backend, anyio_backend_name, anyio_backend_options, cache, capfd, capfdbinary, caplog, capsys, capsysbinary, capteesys, doctest_namespace, free_tcp_port, free_tcp_port_factory, free_udp_port, free_udp_port_factory, monkeypatch, pytestconfig, qapp, qapp_args, qapp_cls, qtbot, qtlog, qtmodeltester, record_property, record_testsuite_property, record_xml_attribute, recwarn, tmp_path, tmp_path_factory, tmpdir, tmpdir_factory
>       use 'pytest --fixtures [testpath]' for help on them.

D:\codding\daily-trading-bot\daily-trading-bot\tests\test_discord_notify.py:6
______________ ERROR at setup of test_send_discord_message_fail _______________
file D:\codding\daily-trading-bot\daily-trading-bot\tests\test_discord_notify.py, line 12
  def test_send_discord_message_fail(monkeypatch, requests_mock):
E       fixture 'requests_mock' not found
>       available fixtures: anyio_backend, anyio_backend_name, anyio_backend_options, cache, capfd, capfdbinary, caplog, capsys, capsysbinary, capteesys, doctest_namespace, free_tcp_port, free_tcp_port_factory, free_udp_port, free_udp_port_factory, monkeypatch, pytestconfig, qapp, qapp_args, qapp_cls, qtbot, qtlog, qtmodeltester, record_property, record_testsuite_property, record_xml_attribute, recwarn, tmp_path, tmp_path_factory, tmpdir, tmpdir_factory
>       use 'pytest --fixtures [testpath]' for help on them.

D:\codding\daily-trading-bot\daily-trading-bot\tests\test_discord_notify.py:12
___________________ ERROR at setup of test_get_access_token ___________________
file d:\codding\daily-trading-bot\daily-trading-bot\tests\test_korea_investment_order.py, line 14
  def test_get_access_token(monkeypatch, requests_mock):
E       fixture 'requests_mock' not found
>       available fixtures: anyio_backend, anyio_backend_name, anyio_backend_options, cache, capfd, capfdbinary, caplog, capsys, capsysbinary, capteesys, doctest_namespace, free_tcp_port, free_tcp_port_factory, free_udp_port, free_udp_port_factory, monkeypatch, pytestconfig, qapp, qapp_args, qapp_cls, qtbot, qtlog, qtmodeltester, record_property, record_testsuite_property, record_xml_attribute, recwarn, tmp_path, tmp_path_factory, tmpdir, tmpdir_factory
>       use 'pytest --fixtures [testpath]' for help on them.

d:\codding\daily-trading-bot\daily-trading-bot\tests\test_korea_investment_order.py:14
______________________ ERROR at setup of test_send_order ______________________
file d:\codding\daily-trading-bot\daily-trading-bot\tests\test_korea_investment_order.py, line 27
  def test_send_order(monkeypatch, requests_mock):
E       fixture 'requests_mock' not found
>       available fixtures: anyio_backend, anyio_backend_name, anyio_backend_options, cache, capfd, capfdbinary, caplog, capsys, capsysbinary, capteesys, doctest_namespace, free_tcp_port, free_tcp_port_factory, free_udp_port, free_udp_port_factory, monkeypatch, pytestconfig, qapp, qapp_args, qapp_cls, qtbot, qtlog, qtmodeltester, record_property, record_testsuite_property, record_xml_attribute, recwarn, tmp_path, tmp_path_factory, tmpdir, tmpdir_factory
>       use 'pytest --fixtures [testpath]' for help on them.

d:\codding\daily-trading-bot\daily-trading-bot\tests\test_korea_investment_order.py:27
_____________________ ERROR at setup of test_get_balance ______________________
file d:\codding\daily-trading-bot\daily-trading-bot\tests\test_korea_investment_order.py, line 38
  def test_get_balance(monkeypatch, requests_mock):
E       fixture 'requests_mock' not found
>       available fixtures: anyio_backend, anyio_backend_name, anyio_backend_options, cache, capfd, capfdbinary, caplog, capsys, capsysbinary, capteesys, doctest_namespace, free_tcp_port, free_tcp_port_factory, free_udp_port, free_udp_port_factory, monkeypatch, pytestconfig, qapp, qapp_args, qapp_cls, qtbot, qtlog, qtmodeltester, record_property, record_testsuite_property, record_xml_attribute, recwarn, tmp_path, tmp_path_factory, tmpdir, tmpdir_factory
>       use 'pytest --fixtures [testpath]' for help on them.

d:\codding\daily-trading-bot\daily-trading-bot\tests\test_korea_investment_order.py:38
____________ ERROR at setup of test_send_telegram_message_success _____________
file D:\codding\daily-trading-bot\daily-trading-bot\tests\test_telegram_notify.py, line 6
  def test_send_telegram_message_success(monkeypatch, requests_mock):
E       fixture 'requests_mock' not found
>       available fixtures: anyio_backend, anyio_backend_name, anyio_backend_options, cache, capfd, capfdbinary, caplog, capsys, capsysbinary, capteesys, doctest_namespace, free_tcp_port, free_tcp_port_factory, free_udp_port, free_udp_port_factory, monkeypatch, pytestconfig, qapp, qapp_args, qapp_cls, qtbot, qtlog, qtmodeltester, record_property, record_testsuite_property, record_xml_attribute, recwarn, tmp_path, tmp_path_factory, tmpdir, tmpdir_factory
>       use 'pytest --fixtures [testpath]' for help on them.

D:\codding\daily-trading-bot\daily-trading-bot\tests\test_telegram_notify.py:6
______________ ERROR at setup of test_send_telegram_message_fail ______________
file D:\codding\daily-trading-bot\daily-trading-bot\tests\test_telegram_notify.py, line 13
  def test_send_telegram_message_fail(monkeypatch, requests_mock):
E       fixture 'requests_mock' not found
>       available fixtures: anyio_backend, anyio_backend_name, anyio_backend_options, cache, capfd, capfdbinary, caplog, capsys, capsysbinary, capteesys, doctest_namespace, free_tcp_port, free_tcp_port_factory, free_udp_port, free_udp_port_factory, monkeypatch, pytestconfig, qapp, qapp_args, qapp_cls, qtbot, qtlog, qtmodeltester, record_property, record_testsuite_property, record_xml_attribute, recwarn, tmp_path, tmp_path_factory, tmpdir, tmpdir_factory
>       use 'pytest --fixtures [testpath]' for help on them.

D:\codding\daily-trading-bot\daily-trading-bot\tests\test_telegram_notify.py:13
================================== FAILURES ===================================
_________________ test_generate_predictions_and_create_report _________________

tmp_path = WindowsPath('C:/Users/cho/AppData/Local/Temp/pytest-of-cho/pytest-31/test_generate_predictions_and_0')

    def test_generate_predictions_and_create_report(tmp_path):
        """generate_predictions와 create_report의 통합 기본 동작 테스트"""
        # 1) 간단한 입력 데이터(parquet)를 생성
        df = pd.DataFrame([
            {'date': '2025-10-01', 'code': '005930', 'Close': 85000, 'ma5': 84000, 'ma20': 83000,
             'ma60': 82000, 'ma120': 81000, 'volume_ma5': 1000, 'volume_ma20': 900, 'rsi': 40, 'macd_signal': 0.1},
            {'date': '2025-10-01', 'code': '000660', 'Close': 130000, 'ma5': 129000, 'ma20': 128000,
             'ma60': 127000, 'ma120': 126000, 'volume_ma5': 2000, 'volume_ma20': 1800, 'rsi': 35, 'macd_signal': 0.2}
        ])
        data_file = tmp_path / 'preprocessed_data.csv'
        df.to_csv(str(data_file), index=False)
    
        # 2) 더미 스케일러/모델 생성 (모듈 스코프에 정의된 DummyModel/DummyScaler 사용)
        model_path = tmp_path / 'model.joblib'
        scaler_path = tmp_path / 'scaler.joblib'
        joblib.dump(DummyModel(), str(model_path))
        joblib.dump(DummyScaler(), str(scaler_path))
    
        # 3) generate_predictions 실행
        output_path = str(tmp_path / 'predictions.json')
        try:
            generate_predictions(
                data_path=str(data_file),
                model_path=str(model_path),
                scaler_path=str(scaler_path),
                output_path=output_path,
                target_stocks=['005930', '000660']
            )
        except Exception as e:
            pytest.fail(f"generate_predictions 실행 중 예외 발생: {e}")
    
>       assert os.path.exists(output_path), "예측 결과 파일이 생성되지 않았습니다."
E       AssertionError: 예측 결과 파일이 생성되지 않았습니다.
E       assert False
E        +  where False = <function exists at 0x000001BBBEA15E10>('C:\\Users\\cho\\AppData\\Local\\Temp\\pytest-of-cho\\pytest-31\\test_generate_predictions_and_0\\predictions.json')
E        +    where <function exists at 0x000001BBBEA15E10> = <module 'ntpath' from 'C:\\Program Files\\Python310\\lib\\ntpath.py'>.exists
E        +      where <module 'ntpath' from 'C:\\Program Files\\Python310\\lib\\ntpath.py'> = os.path

tests\test_reporting.py:56: AssertionError
============================== warnings summary ===============================
tests\conftest.py:23
  d:\codding\daily-trading-bot\daily-trading-bot\tests\conftest.py:23: PytestRemovedIn9Warning: The (path: py.path.local) argument is deprecated, please use (collection_path: pathlib.Path)
  see https://docs.pytest.org/en/latest/deprecations.html#py-path-local-arguments-for-hooks-replaced-with-pathlib-path
    def pytest_ignore_collect(path, config):

tests/test_feature_engineering.py::test_create_target
tests/test_feature_engineering.py::test_split_data
  d:\codding\daily-trading-bot\daily-trading-bot\src\modeling\feature_engineering.py:24: FutureWarning: DataFrameGroupBy.apply operated on the grouping columns. This behavior is deprecated, and in a future version of pandas the grouping columns will be excluded from the operation. Either pass `include_groups=False` to exclude the groupings or explicitly select the grouping columns after groupby to silence this warning.
    df_target = df_target.groupby('code', group_keys=False).apply(calculate_future_return)

tests/test_preprocessing.py::test_handle_missing_values
tests/test_preprocessing.py::test_preprocess_data_pipeline
  d:\codding\daily-trading-bot\daily-trading-bot\src\preprocessing\data_preprocessor.py:204: FutureWarning: DataFrameGroupBy.apply operated on the grouping columns. This behavior is deprecated, and in a future version of pandas the grouping columns will be excluded from the operation. Either pass `include_groups=False` to exclude the groupings or explicitly select the grouping columns after groupby to silence this warning.
    df_filled = df.groupby('code', group_keys=False).apply(lambda x: x.ffill().bfill())

tests/test_preprocessing.py::test_create_features
tests/test_preprocessing.py::test_preprocess_data_pipeline
  d:\codding\daily-trading-bot\daily-trading-bot\src\preprocessing\data_preprocessor.py:254: FutureWarning: DataFrameGroupBy.apply operated on the grouping columns. This behavior is deprecated, and in a future version of pandas the grouping columns will be excluded from the operation. Either pass `include_groups=False` to exclude the groupings or explicitly select the grouping columns after groupby to silence this warning.
    df_featured = df_featured.groupby('code', group_keys=False).apply(calculate_features)

-- Docs: https://docs.pytest.org/en/stable/how-to/capture-warnings.html
=========================== short test summary info ===========================
FAILED tests/test_reporting.py::test_generate_predictions_and_create_report - AssertionError: 예측 결과 파일이 생성되지 않았습니다.
assert False
 +  where False = <function exists at 0x000001BBBEA15E10>('C:\\Users\\cho\\AppData\\Local\\Temp\\pytest-of-cho\\pytest-31\\test_generate_predictions_and_0\\predictions.json')
 +    where <function exists at 0x000001BBBEA15E10> = <module 'ntpath' from 'C:\\Program Files\\Python310\\lib\\ntpath.py'>.exists
 +      where <module 'ntpath' from 'C:\\Program Files\\Python310\\lib\\ntpath.py'> = os.path
ERROR tests/test_discord_notify.py::test_send_discord_message_success
ERROR tests/test_discord_notify.py::test_send_discord_message_fail
ERROR tests/test_korea_investment_order.py::test_get_access_token
ERROR tests/test_korea_investment_order.py::test_send_order
ERROR tests/test_korea_investment_order.py::test_get_balance
ERROR tests/test_telegram_notify.py::test_send_telegram_message_success
ERROR tests/test_telegram_notify.py::test_send_telegram_message_fail
============= 1 failed, 41 passed, 7 warnings, 7 errors in 23.04s =============
